Command listener active. Type 'help' for commands.
Discovered 134 new entries. Filtering by minimum reward...
Sound file not found: C:\path\to\your\sound.wav. Playing default beep.
Opened URL in default browser: https://www.theguardian.com/news/gallery/2025/jun/20/a-giraffe-operation-and-a-juneteenth-parade-photos-of-the-day-friday
Sound file not found: C:\path\to\your\sound.wav. Playing default beep.
Opened URL in default browser: https://www.theguardian.com/global/2022/sep/20/sign-up-for-the-guide-newsletter-our-free-pop-culture-email
Sound file not found: C:\path\to\your\sound.wav. Playing default beep.
Opened URL in default browser: https://www.theguardian.com/info/2022/nov/14/football-daily-email-sign-up
Sound file not found: C:\path\to\your\sound.wav. Playing default beep.
Opened URL in default browser: https://www.theguardian.com/food/2019/jul/09/sign-up-for-the-feast-newsletter-our-free-guardian-food-email
Sound file not found: C:\path\to\your\sound.wav. Playing default beep.
Opened URL in default browser: https://www.theguardian.com/global/2022/sep/20/sign-up-for-the-first-edition-newsletter-our-free-news-email
Sound file not found: C:\path\to\your\sound.wav. Playing default beep.
Opened URL in default browser: https://www.theguardian.com/uk-news/2025/jun/19/why-mi6-chief-is-c-and-uses-green-ink
Sound file not found: C:\path\to\your\sound.wav. Playing default beep.
Opened URL in default browser: https://www.theguardian.com/environment/2025/jun/19/ending-sheep-farming-in-the-lake-district-is-not-our-aim
Sound file not found: C:\path\to\your\sound.wav. Playing default beep.
Opened URL in default browser: https://www.theguardian.com/world/2025/jun/19/ordinary-zambians-lose-out-twice-to-global-looting-and-local-corruption
Sound file not found: C:\path\to\your\sound.wav. Playing default beep.
Opened URL in default browser: https://www.theguardian.com/world/2025/jun/19/nuclear-non-proliferation-is-a-failure-in-the-middle-east
Sound file not found: C:\path\to\your\sound.wav. Playing default beep.
Opened URL in default browser: https://www.theguardian.com/lifeandstyle/2025/jun/19/share-your-horror-stories-of-driving-abroad
Sound file not found: C:\path\to\your\sound.wav. Playing default beep.
Opened URL in default browser: https://www.theguardian.com/film/2025/jun/11/tell-us-your-favourite-film-of-2025-so-far
Sound file not found: C:\path\to\your\sound.wav. Playing default beep.
Opened URL in default browser: https://www.theguardian.com/world/2025/jun/16/living-in-iran-how-have-you-been-affected-by-the-recent-conflict-israel-strikes
Sound file not found: C:\path\to\your\sound.wav. Playing default beep.
Opened URL in default browser: https://www.theguardian.com/world/2025/jun/16/living-in-israel-how-have-you-been-affected-by-the-recent-conflict-strikes
Sound file not found: C:\path\to\your\sound.wav. Playing default beep.
Opened URL in default browser: https://www.theguardian.com/science/video/2025/jun/19/how-the-earth-shook-for-nine-days-and-nobody-knew-why
Sound file not found: C:\path\to\your\sound.wav. Playing default beep.
Opened URL in default browser: https://www.theguardian.com/politics/2025/jun/19/natalie-fleet-mp-on-grooming-statutory-and-fighting-back
Sound file not found: C:\path\to\your\sound.wav. Playing default beep.
Opened URL in default browser: https://www.theguardian.com/environment/2025/jun/19/world-worst-case-of-pfas-forever-chemicals-contamination-kallinge
Sound file not found: C:\path\to\your\sound.wav. Playing default beep.
Opened URL in default browser: https://www.theguardian.com/environment/video/2025/jun/17/waska-the-cost-of-spiritual-healing-in-the-amazon
Sound file not found: C:\path\to\your\sound.wav. Playing default beep.
Opened URL in default browser: https://www.theguardian.com/lifeandstyle/2025/jun/18/a-moment-that-changed-me-i-stepped-into-the-boxing-ring-and-decades-of-quiet-anger-lifted
Sound file not found: C:\path\to\your\sound.wav. Playing default beep.
Opened URL in default browser: https://www.theguardian.com/environment/2025/jun/19/how-to-become-a-birder-10-easy-ways-to-start-this-life-changing-hobby
Sound file not found: C:\path\to\your\sound.wav. Playing default beep.
Opened URL in default browser: https://www.theguardian.com/lifeandstyle/2025/jun/19/you-be-the-judge-should-my-colleague-stop-bringing-cakes-into-the-office
Sound file not found: C:\path\to\your\sound.wav. Playing default beep.
Opened URL in default browser: https://www.theguardian.com/lifeandstyle/picture/2025/jun/20/sorry-keir-starmer-pretending-to-be-nigel-farage-is-not-what-i-ordered-the-stephen-collins-cartoon
Sound file not found: C:\path\to\your\sound.wav. Playing default beep.
Opened URL in default browser: https://www.theguardian.com/travel/2025/jun/17/world-first-passenger-railway-county-durham-stockton-and-darlington
Sound file not found: C:\path\to\your\sound.wav. Playing default beep.
Opened URL in default browser: https://www.theguardian.com/travel/2025/jun/18/the-little-museum-of-dublin-reopens
Sound file not found: C:\path\to\your\sound.wav. Playing default beep.
Opened URL in default browser: https://www.theguardian.com/travel/2025/jun/19/locals-guide-best-affordable-eats-restaurants-turin
Sound file not found: C:\path\to\your\sound.wav. Playing default beep.
Opened URL in default browser: https://www.theguardian.com/travel/2025/jun/20/readers-favourite-midsummer-trips-europe
Sound file not found: C:\path\to\your\sound.wav. Playing default beep.
Opened URL in default browser: https://www.theguardian.com/fashion/2025/jun/18/how-i-unlearned-the-internalised-prejudice-i-had-as-a-black-woman-one-braid-at-a-time
Sound file not found: C:\path\to\your\sound.wav. Playing default beep.
Opened URL in default browser: https://www.theguardian.com/fashion/2025/jun/18/jess-cartner-morley-fashion-finding-the-perfect-summer-jacket
Sound file not found: C:\path\to\your\sound.wav. Playing default beep.
Opened URL in default browser: https://www.theguardian.com/fashion/2025/jun/18/fashion-is-about-fantasy-max-maras-short-shorts-are-inspired-by-postwar-naples
Sound file not found: C:\path\to\your\sound.wav. Playing default beep.
Opened URL in default browser: https://www.theguardian.com/fashion/2025/jun/19/mini-me-dressing-parents-dress-like-kids
Sound file not found: C:\path\to\your\sound.wav. Playing default beep.
Opened URL in default browser: https://www.theguardian.com/wellness/2025/jun/12/knee-injury-shoes-sneakers
Sound file not found: C:\path\to\your\sound.wav. Playing default beep.
Opened URL in default browser: https://www.theguardian.com/lifeandstyle/2025/jun/16/is-it-true-that-pain-after-workout-good-or-bad-delayed-onset-muscle-sorenes
Sound file not found: C:\path\to\your\sound.wav. Playing default beep.
Opened URL in default browser: https://www.theguardian.com/lifeandstyle/2025/jun/19/i-lost-weight-and-now-people-treat-me-better-how-do-i-navigate-this
Sound file not found: C:\path\to\your\sound.wav. Playing default beep.
Opened URL in default browser: https://www.theguardian.com/money/2025/jun/17/edf-sent-me-a-2700-bill-in-my-first-home-after-foster-care
Sound file not found: C:\path\to\your\sound.wav. Playing default beep.
Opened URL in default browser: https://www.theguardian.com/money/2025/jun/17/keep-burglars-out-protect-your-home-away-holiday
Sound file not found: C:\path\to\your\sound.wav. Playing default beep.
Opened URL in default browser: https://www.theguardian.com/technology/2025/jun/19/garmin-forerunner-970-review-running-watch-sports-tracker-smartwatch-torch
Sound file not found: C:\path\to\your\sound.wav. Playing default beep.
Opened URL in default browser: https://www.theguardian.com/money/2025/jun/18/what-to-do-if-your-mobile-phone-account-is-hacked-or-number-stolen-sim-swap-scam
Sound file not found: C:\path\to\your\sound.wav. Playing default beep.
Opened URL in default browser: https://www.theguardian.com/lifeandstyle/2025/jun/15/the-moment-i-knew-i-worried-he-was-a-playboy-then-a-friend-reassured-me
Sound file not found: C:\path\to\your\sound.wav. Playing default beep.
Opened URL in default browser: https://www.theguardian.com/lifeandstyle/2025/jun/17/we-use-silly-voices-with-each-other-and-it-makes-it-hard-to-have-a-sex-life
Sound file not found: C:\path\to\your\sound.wav. Playing default beep.
Opened URL in default browser: https://www.theguardian.com/lifeandstyle/2025/jun/15/this-is-how-we-do-it-i-prefer-sex-with-someone-who-has-erectile-dysfunction
Sound file not found: C:\path\to\your\sound.wav. Playing default beep.
Opened URL in default browser: https://www.theguardian.com/lifeandstyle/2025/jun/18/the-shorter-mans-search-for-love-one-woman-cried-when-i-told-her-how-tall-i-am
Sound file not found: C:\path\to\your\sound.wav. Playing default beep.
Opened URL in default browser: https://www.theguardian.com/food/2025/jun/17/whats-the-secret-to-really-crisp-tofu-kitchen-aide-anna-berrill
Sound file not found: C:\path\to\your\sound.wav. Playing default beep.
Opened URL in default browser: https://www.theguardian.com/food/2025/jun/19/mini-babas-al-rum-recipe-rachel-roddy
Sound file not found: C:\path\to\your\sound.wav. Playing default beep.
Opened URL in default browser: https://www.theguardian.com/food/2025/jun/20/oat-shortcakes-recipe-honey-roasted-apricots-almond-cream-helen-goh
Sound file not found: C:\path\to\your\sound.wav. Playing default beep.
Opened URL in default browser: https://www.theguardian.com/food/2025/jun/20/cocktail-of-the-week-prawn-on-the-lawn-matcha-whisky-sour-recipe
Sound file not found: C:\path\to\your\sound.wav. Playing default beep.
Opened URL in default browser: https://www.theguardian.com/thefilter/2025/jun/13/everything-i-learned-testing-hay-fever-remedies
Sound file not found: C:\path\to\your\sound.wav. Playing default beep.
Opened URL in default browser: https://www.theguardian.com/thefilter/2025/jun/17/best-fans-uk
Sound file not found: C:\path\to\your\sound.wav. Playing default beep.
Opened URL in default browser: https://www.theguardian.com/thefilter/2025/jun/18/best-summer-shoes-sandals-women-men-kids-uk
Sound file not found: C:\path\to\your\sound.wav. Playing default beep.
Opened URL in default browser: https://www.theguardian.com/thefilter/2025/jun/19/how-to-keep-cool-hot-weather
Sound file not found: C:\path\to\your\sound.wav. Playing default beep.
Opened URL in default browser: https://www.theguardian.com/money/gallery/2025/jun/20/penthouses-with-a-private-terrace-for-sale-in-england-and-scotland-in-pictures
Sound file not found: C:\path\to\your\sound.wav. Playing default beep.
Opened URL in default browser: https://www.theguardian.com/lifeandstyle/2025/jun/20/experience-walked-across-three-countries-straight-line
Sound file not found: C:\path\to\your\sound.wav. Playing default beep.
Opened URL in default browser: https://www.theguardian.com/film/2025/jun/20/double-trouble-can-james-gunn-really-make-two-separate-batman-movies-work
Sound file not found: C:\path\to\your\sound.wav. Playing default beep.
Opened URL in default browser: https://www.theguardian.com/artanddesign/2025/jun/20/jenny-saville-show-exhibition-national-portrait-gallery-the-week-in-art
Sound file not found: C:\path\to\your\sound.wav. Playing default beep.
Opened URL in default browser: https://www.theguardian.com/film/2025/jun/20/jaws-movie-hollywood
Sound file not found: C:\path\to\your\sound.wav. Playing default beep.
Opened URL in default browser: https://www.theguardian.com/music/2025/jun/19/post-your-questions-for-music-legend-pp-arnold
Sound file not found: C:\path\to\your\sound.wav. Playing default beep.
Opened URL in default browser: https://www.theguardian.com/stage/2025/jun/19/448-psychosis-review-royal-court-theatre-london-sarah-kane-play
Sound file not found: C:\path\to\your\sound.wav. Playing default beep.
Opened URL in default browser: https://www.theguardian.com/artanddesign/2025/jun/19/abstract-erotic-review-courtauld-gallery-london
Sound file not found: C:\path\to\your\sound.wav. Playing default beep.
Opened URL in default browser: https://www.theguardian.com/stage/2025/jun/20/5460-africa-review-arcola-theatre-london
Sound file not found: C:\path\to\your\sound.wav. Playing default beep.
Opened URL in default browser: https://www.theguardian.com/music/2025/jun/20/the-merry-widow-review-lehar-opera-holland-park-london-savournin
Sound file not found: C:\path\to\your\sound.wav. Playing default beep.
Opened URL in default browser: https://www.theguardian.com/games/2025/jun/13/mindseye-review-a-dystopian-future-that-plays-like-its-from-2012
Sound file not found: C:\path\to\your\sound.wav. Playing default beep.
Opened URL in default browser: https://www.theguardian.com/games/2025/jun/17/pragmata-quirky-science-fiction-game-capcom
Sound file not found: C:\path\to\your\sound.wav. Playing default beep.
Opened URL in default browser: https://www.theguardian.com/games/2025/jun/18/mario-kart-world-nintendo-switch-2-yakuza-0
Sound file not found: C:\path\to\your\sound.wav. Playing default beep.
Opened URL in default browser: https://www.theguardian.com/games/2025/jun/18/pushing-buttons-maga-splitgate2-summer-games-fest
Sound file not found: C:\path\to\your\sound.wav. Playing default beep.
Opened URL in default browser: https://www.theguardian.com/books/2025/jun/18/great-black-hope-by-rob-franklin-review-privilege-and-race-intersect-in-a-fine-debut
Sound file not found: C:\path\to\your\sound.wav. Playing default beep.
Opened URL in default browser: https://www.theguardian.com/books/2025/jun/19/how-to-lose-your-mother-erica-jong-molly-jong-fast
Sound file not found: C:\path\to\your\sound.wav. Playing default beep.
Opened URL in default browser: https://www.theguardian.com/books/2025/jun/20/the-best-recent-and-thrillers-roundup
Sound file not found: C:\path\to\your\sound.wav. Playing default beep.
Opened URL in default browser: https://www.theguardian.com/books/2025/jun/20/bring-the-house-down-by-charlotte-runcie-review-the-joy-of-the-hatchet-job
Sound file not found: C:\path\to\your\sound.wav. Playing default beep.
Opened URL in default browser: https://www.theguardian.com/music/2025/jun/19/la-mer-french-piano-trios-album-review-neave-trio-chandos
Sound file not found: C:\path\to\your\sound.wav. Playing default beep.
Opened URL in default browser: https://www.theguardian.com/music/2025/jun/20/duo-ruut-ilmateade-review-estonian
Sound file not found: C:\path\to\your\sound.wav. Playing default beep.
Opened URL in default browser: https://www.theguardian.com/music/2025/jun/20/hotline-tnt-raspberry-moon-review-third-man
Sound file not found: C:\path\to\your\sound.wav. Playing default beep.
Opened URL in default browser: https://www.theguardian.com/music/2025/jun/20/add-to-playlist-james-ks-downtempo-dream-pop-and-the-weeks-best-new-tracks
Sound file not found: C:\path\to\your\sound.wav. Playing default beep.
Opened URL in default browser: https://www.theguardian.com/film/2025/jun/20/grenfell-uncovered-review-heartwrenching-account-of-avoidable-tragedy
Sound file not found: C:\path\to\your\sound.wav. Playing default beep.
Opened URL in default browser: https://www.theguardian.com/tv-and-radio/2025/jun/20/tv-tonight-noel-edmonds-shows-off-his-unusual-new-life-in-new-zealand
Sound file not found: C:\path\to\your\sound.wav. Playing default beep.
Opened URL in default browser: https://www.theguardian.com/tv-and-radio/2025/jun/20/and-just-like-that-how-the-sex-and-the-city-spin-off-finally-got-it-right-on-race
Sound file not found: C:\path\to\your\sound.wav. Playing default beep.
Opened URL in default browser: https://www.theguardian.com/stage/2025/jun/20/edinburgh-festival-2025-20-theatre-shows-to-see-this-summer
Sound file not found: C:\path\to\your\sound.wav. Playing default beep.
Opened URL in default browser: https://www.theguardian.com/music/2025/jun/20/aliens-new-album-golden-record-space-voyager-chuck-berry
Sound file not found: C:\path\to\your\sound.wav. Playing default beep.
Opened URL in default browser: https://www.theguardian.com/film/ng-interactive/2025/jun/20/youd-never-make-slumdog-today-danny-boyle-on-risks-regrets-and-returning-to-the-undead
Sound file not found: C:\path\to\your\sound.wav. Playing default beep.
Opened URL in default browser: https://www.theguardian.com/business/2025/jun/20/paris-airshow-in-subdued-mood-after-deadly-air-india-crash
Sound file not found: C:\path\to\your\sound.wav. Playing default beep.
Opened URL in default browser: https://www.theguardian.com/world/2025/jun/20/hong-kong-teachers-allegedly-told-to-avoid-us-independence-day-events
Sound file not found: C:\path\to\your\sound.wav. Playing default beep.
Opened URL in default browser: https://www.theguardian.com/world/2025/jun/20/developing-countries-debt-write-off-alleviate-extreme-poverty-report
Sound file not found: C:\path\to\your\sound.wav. Playing default beep.
Opened URL in default browser: https://www.theguardian.com/world/2025/jun/19/netanyahu-son-wedding-comments-israel-backlash
Sound file not found: C:\path\to\your\sound.wav. Playing default beep.
Opened URL in default browser: https://www.theguardian.com/business/live/2025/jun/20/uk-government-borrowing-retail-sales-slide-may-stock-markets-oil-business-live-news-updates
Sound file not found: C:\path\to\your\sound.wav. Playing default beep.
Opened URL in default browser: https://www.theguardian.com/politics/2025/jun/20/5bn-uk-overseas-aid-cuts-cannot-be-challenged-in-court-say-government-lawyers
Sound file not found: C:\path\to\your\sound.wav. Playing default beep.
Opened URL in default browser: https://www.theguardian.com/business/2025/jun/20/emma-gilthorpe-resigns-chief-executive-royal-mail
Sound file not found: C:\path\to\your\sound.wav. Playing default beep.
Opened URL in default browser: https://www.theguardian.com/business/2025/jun/20/uk-borrowing-rises-adding-to-pressure-on-rachel-reeves
Sound file not found: C:\path\to\your\sound.wav. Playing default beep.
Opened URL in default browser: https://www.theguardian.com/world/2025/jun/20/weather-tracker-mexico-pacific-coast-tropical-storm-dalila-hurricane-erick
Sound file not found: C:\path\to\your\sound.wav. Playing default beep.
Opened URL in default browser: https://www.theguardian.com/environment/2025/jun/20/tuvalu-climate-crisis-australia-visa-ballot
Sound file not found: C:\path\to\your\sound.wav. Playing default beep.
Opened URL in default browser: https://www.theguardian.com/environment/2025/jun/20/rare-maccoa-ducklings-hatch-chester-zoo
Sound file not found: C:\path\to\your\sound.wav. Playing default beep.
Opened URL in default browser: https://www.theguardian.com/environment/2025/jun/20/conservationists-race-to-rescue-englands-turtle-doves-from-extinction
Sound file not found: C:\path\to\your\sound.wav. Playing default beep.
Opened URL in default browser: https://www.theguardian.com/world/live/2025/jun/20/russia-attacks-ukraine-odesa-drones-black-sea-europe-live
Sound file not found: C:\path\to\your\sound.wav. Playing default beep.
Opened URL in default browser: https://www.theguardian.com/politics/2025/jun/20/campaign-for-statue-of-british-suffragette-hero-is-hit-by-funding-crisis
Sound file not found: C:\path\to\your\sound.wav. Playing default beep.
Opened URL in default browser: https://www.theguardian.com/us-news/live/2025/jun/20/us-politics-latest-news-donald-trump-national-guard-ice-republicans-democrats-live
Sound file not found: C:\path\to\your\sound.wav. Playing default beep.
Opened URL in default browser: https://www.theguardian.com/environment/2025/jun/20/england-rivers-water-extraction-record-levels
Sound file not found: C:\path\to\your\sound.wav. Playing default beep.
Opened URL in default browser: https://www.theguardian.com/global-development/2025/jun/20/violence-against-children-conflict-zones-un-report
Sound file not found: C:\path\to\your\sound.wav. Playing default beep.
Opened URL in default browser: https://www.theguardian.com/sport/2025/jun/20/sports-quiz-lions-ascot-euros-club-world-cup-football-athletics-golf-rugby-racing-darts-hockey
Sound file not found: C:\path\to\your\sound.wav. Playing default beep.
Opened URL in default browser: https://www.theguardian.com/sport/2025/jun/20/the-10bn-la-lakers-sale-proves-sports-have-outgrown-billionaires
Sound file not found: C:\path\to\your\sound.wav. Playing default beep.
Opened URL in default browser: https://www.theguardian.com/sport/2025/jun/20/gb-basketball-captain-temi-fagbenle-journey-from-shy-london-teen-to-wnba
